d:\newchess\chess\chess\debug\vc140.pdb
d:\newchess\chess\chess\debug\vc140.idb
d:\newchess\chess\chess\debug\chess.obj
d:\newchess\chess\chess\debug\piece.obj
d:\newchess\chess\chess\debug\square.obj
f:\newchess\chess\chess\debug\vc140.pdb
f:\newchess\chess\chess\debug\vc140.idb
f:\newchess\chess\chess\debug\chess.obj
f:\newchess\chess\chess\debug\piece.obj
f:\newchess\chess\chess\debug\square.obj
d:\newchess\chess\debug\chess.ilk
d:\newchess\chess\debug\chess.exe
d:\newchess\chess\debug\chess.pdb
f:\newchess\chess\debug\chess.ilk
f:\newchess\chess\debug\chess.exe
f:\newchess\chess\debug\chess.pdb
f:\newchess\chess\chess\debug\chess.tlog\cl.read.1.tlog
f:\newchess\chess\chess\debug\chess.tlog\cl.command.1.tlog
f:\newchess\chess\chess\debug\chess.tlog\link.read.1.tlog
f:\newchess\chess\chess\debug\chess.tlog\cl.write.1.tlog
f:\newchess\chess\chess\debug\chess.tlog\link.write.1.tlog
f:\newchess\chess\chess\debug\chess.tlog\link.command.1.tlog
